Listing Makefile...

cmplr = g++-7
hwo = HW9

all: $(hwo) PP
clean:
	rm lex.yy.c flex-lisp parser.tab.bison $(hwo) expression asm out.spim parser.output pparser.output pparser.tab.bison test.out plex.yy.c *preprocesspout PP

reset:
	reset

$(hwo):	lex.yy.c expression
	$(cmplr) asm expression lex.yy.c -lfl -std=c++17 -o $(hwo)

lex.yy.c:	grammar.flex parser.tab.bison Makefile
	flex grammar.flex

expression: expression.cpp expression.hpp asm
	$(cmplr) asm -c expression.cpp -std=c++17 -o expression

asm: ASM.hpp ASM.cpp
	$(cmplr) -c ASM.cpp -std=c++17 -o asm

parser.tab.bison:	parser.bison Makefile
	bison -k -r all parser.bison

PP: plex.yy.c
	$(cmplr) plex.yy.c -lfl -std=c++17 -o PP

plex.yy.c: pgrammar.flex pparser.tab.bison Makefile
	flex -o plex.yy.c pgrammar.flex

pparser.tab.bison: pparser.bison Makefile
	bison -k -r all pparser.bison


Compiling HW9...

bison -k -r all parser.bison
flex grammar.flex
g++-7 -c ASM.cpp -std=c++17 -o asm
g++-7 asm -c expression.cpp -std=c++17 -o expression
g++-7: warning: asm: linker input file unused because linking not done
g++-7 asm expression lex.yy.c -lfl -std=c++17 -o HW9
lex.yy.c: In function ‘int yylex()’:
lex.yy.c:815:25: warning: ISO C++1z does not allow ‘register’ storage class specifier [-Wregister]
  register yy_state_type yy_current_state;
                         ^~~~~~~~~~~~~~~~
lex.yy.c:816:17: warning: ISO C++1z does not allow ‘register’ storage class specifier [-Wregister]
  register char *yy_cp, *yy_bp;
                 ^~~~~
lex.yy.c:816:25: warning: ISO C++1z does not allow ‘register’ storage class specifier [-Wregister]
  register char *yy_cp, *yy_bp;
                         ^~~~~
lex.yy.c:817:15: warning: ISO C++1z does not allow ‘register’ storage class specifier [-Wregister]
  register int yy_act;
               ^~~~~~
lex.yy.c:865:21: warning: ISO C++1z does not allow ‘register’ storage class specifier [-Wregister]
    register YY_CHAR yy_c = yy_ec[YY_SC_TO_UI(*yy_cp)];
                     ^~~~
lex.yy.c: In function ‘int yy_get_next_buffer()’:
lex.yy.c:1164:21: warning: ISO C++1z does not allow ‘register’ storage class specifier [-Wregister]
      register char *dest = YY_CURRENT_BUFFER_LVALUE->yy_ch_buf;
                     ^~~~
lex.yy.c:1165:17: warning: ISO C++1z does not allow ‘register’ storage class specifier [-Wregister]
  register char *source = (yytext_ptr);
                 ^~~~~~
lex.yy.c:1166:15: warning: ISO C++1z does not allow ‘register’ storage class specifier [-Wregister]
  register int number_to_move, i;
               ^~~~~~~~~~~~~~
lex.yy.c:1166:31: warning: ISO C++1z does not allow ‘register’ storage class specifier [-Wregister]
  register int number_to_move, i;
                               ^
lex.yy.c: In function ‘yy_state_type yy_get_previous_state()’:
lex.yy.c:1298:25: warning: ISO C++1z does not allow ‘register’ storage class specifier [-Wregister]
  register yy_state_type yy_current_state;
                         ^~~~~~~~~~~~~~~~
lex.yy.c:1299:17: warning: ISO C++1z does not allow ‘register’ storage class specifier [-Wregister]
  register char *yy_cp;
                 ^~~~~
lex.yy.c:1305:20: warning: ISO C++1z does not allow ‘register’ storage class specifier [-Wregister]
   register YY_CHAR yy_c = (*yy_cp ? yy_ec[YY_SC_TO_UI(*yy_cp)] : 1);
                    ^~~~
lex.yy.c: In function ‘yy_state_type yy_try_NUL_trans(yy_state_type)’:
lex.yy.c:1330:15: warning: ISO C++1z does not allow ‘register’ storage class specifier [-Wregister]
  register int yy_is_jam;
               ^~~~~~~~~
lex.yy.c:1331:21: warning: ISO C++1z does not allow ‘register’ storage class specifier [-Wregister]
      register char *yy_cp = (yy_c_buf_p);
                     ^~~~~
lex.yy.c:1333:19: warning: ISO C++1z does not allow ‘register’ storage class specifier [-Wregister]
  register YY_CHAR yy_c = 1;
                   ^~~~
lex.yy.c: At global scope:
lex.yy.c:1351:49: warning: ISO C++1z does not allow ‘register’ storage class specifier [-Wregister]
     static void yyunput (int c, register char * yy_bp )
                                                 ^~~~~
lex.yy.c: In function ‘void yyunput(int, char*)’:
lex.yy.c:1353:17: warning: ISO C++1z does not allow ‘register’ storage class specifier [-Wregister]
  register char *yy_cp;
                 ^~~~~
lex.yy.c:1363:16: warning: ISO C++1z does not allow ‘register’ storage class specifier [-Wregister]
   register int number_to_move = (yy_n_chars) + 2;
                ^~~~~~~~~~~~~~
lex.yy.c:1364:18: warning: ISO C++1z does not allow ‘register’ storage class specifier [-Wregister]
   register char *dest = &YY_CURRENT_BUFFER_LVALUE->yy_ch_buf[
                  ^~~~
lex.yy.c:1366:18: warning: ISO C++1z does not allow ‘register’ storage class specifier [-Wregister]
   register char *source =
                  ^~~~~~
bison -k -r all pparser.bison
flex -o plex.yy.c pgrammar.flex
g++-7 plex.yy.c -lfl -std=c++17 -o PP
plex.yy.c: In function ‘int yylex()’:
plex.yy.c:718:25: warning: ISO C++1z does not allow ‘register’ storage class specifier [-Wregister]
  register yy_state_type yy_current_state;
                         ^~~~~~~~~~~~~~~~
plex.yy.c:719:17: warning: ISO C++1z does not allow ‘register’ storage class specifier [-Wregister]
  register char *yy_cp, *yy_bp;
                 ^~~~~
plex.yy.c:719:25: warning: ISO C++1z does not allow ‘register’ storage class specifier [-Wregister]
  register char *yy_cp, *yy_bp;
                         ^~~~~
plex.yy.c:720:15: warning: ISO C++1z does not allow ‘register’ storage class specifier [-Wregister]
  register int yy_act;
               ^~~~~~
plex.yy.c:768:21: warning: ISO C++1z does not allow ‘register’ storage class specifier [-Wregister]
    register YY_CHAR yy_c = yy_ec[YY_SC_TO_UI(*yy_cp)];
                     ^~~~
plex.yy.c: In function ‘int yy_get_next_buffer()’:
plex.yy.c:1038:21: warning: ISO C++1z does not allow ‘register’ storage class specifier [-Wregister]
      register char *dest = YY_CURRENT_BUFFER_LVALUE->yy_ch_buf;
                     ^~~~
plex.yy.c:1039:17: warning: ISO C++1z does not allow ‘register’ storage class specifier [-Wregister]
  register char *source = (yytext_ptr);
                 ^~~~~~
plex.yy.c:1040:15: warning: ISO C++1z does not allow ‘register’ storage class specifier [-Wregister]
  register int number_to_move, i;
               ^~~~~~~~~~~~~~
plex.yy.c:1040:31: warning: ISO C++1z does not allow ‘register’ storage class specifier [-Wregister]
  register int number_to_move, i;
                               ^
plex.yy.c: In function ‘yy_state_type yy_get_previous_state()’:
plex.yy.c:1172:25: warning: ISO C++1z does not allow ‘register’ storage class specifier [-Wregister]
  register yy_state_type yy_current_state;
                         ^~~~~~~~~~~~~~~~
plex.yy.c:1173:17: warning: ISO C++1z does not allow ‘register’ storage class specifier [-Wregister]
  register char *yy_cp;
                 ^~~~~
plex.yy.c:1179:20: warning: ISO C++1z does not allow ‘register’ storage class specifier [-Wregister]
   register YY_CHAR yy_c = (*yy_cp ? yy_ec[YY_SC_TO_UI(*yy_cp)] : 1);
                    ^~~~
plex.yy.c: In function ‘yy_state_type yy_try_NUL_trans(yy_state_type)’:
plex.yy.c:1204:15: warning: ISO C++1z does not allow ‘register’ storage class specifier [-Wregister]
  register int yy_is_jam;
               ^~~~~~~~~
plex.yy.c:1205:21: warning: ISO C++1z does not allow ‘register’ storage class specifier [-Wregister]
      register char *yy_cp = (yy_c_buf_p);
                     ^~~~~
plex.yy.c:1207:19: warning: ISO C++1z does not allow ‘register’ storage class specifier [-Wregister]
  register YY_CHAR yy_c = 1;
                   ^~~~
plex.yy.c: At global scope:
plex.yy.c:1225:49: warning: ISO C++1z does not allow ‘register’ storage class specifier [-Wregister]
     static void yyunput (int c, register char * yy_bp )
                                                 ^~~~~
plex.yy.c: In function ‘void yyunput(int, char*)’:
plex.yy.c:1227:17: warning: ISO C++1z does not allow ‘register’ storage class specifier [-Wregister]
  register char *yy_cp;
                 ^~~~~
plex.yy.c:1237:16: warning: ISO C++1z does not allow ‘register’ storage class specifier [-Wregister]
   register int number_to_move = (yy_n_chars) + 2;
                ^~~~~~~~~~~~~~
plex.yy.c:1238:18: warning: ISO C++1z does not allow ‘register’ storage class specifier [-Wregister]
   register char *dest = &YY_CURRENT_BUFFER_LVALUE->yy_ch_buf[
                  ^~~~
plex.yy.c:1240:18: warning: ISO C++1z does not allow ‘register’ storage class specifier [-Wregister]
   register char *source =
                  ^~~~~~

Program 1...

SPIM Version 8.0 of January 8, 2010
Copyright 1990-2010, James R. Larus.
All Rights Reserved.
See the file README for a full copyright notice.
Loaded: /usr/lib/spim/exceptions.s
Hi there!
I am going to print 2:  2
Now I am going to print 5.8:  5.80000019
I am done now!

Program 2...

9: error ["\n);
] in '02.in' on '"\n);

9: error [syntax error] in '02.in' on '"\n);

13: error [syntax error] in '02.in' on 'ecrivez

ERROR: ; Unknown variable
@15

Program 3...

SPIM Version 8.0 of January 8, 2010
Copyright 1990-2010, James R. Larus.
All Rights Reserved.
See the file README for a full copyright notice.
Loaded: /usr/lib/spim/exceptions.s
7
-13.00000000
2.09999990

Program 4...

ERROR: Variable redeclaration on a
@4
ERROR: ; Unknown variable
@8

Program 5...

SPIM Version 8.0 of January 8, 2010
Copyright 1990-2010, James R. Larus.
All Rights Reserved.
See the file README for a full copyright notice.
Loaded: /usr/lib/spim/exceptions.s
103
Program 6...

3: error [syntax error] in '06.in' on ';

6: error [");
] in '06.in' on '");

6: error [syntax error] in '06.in' on '");

ERROR: Undefined func commencement
@9

Program 7...

SPIM Version 8.0 of January 8, 2010
Copyright 1990-2010, James R. Larus.
All Rights Reserved.
See the file README for a full copyright notice.
Loaded: /usr/lib/spim/exceptions.s
3.00000000
3

Program 8...

SPIM Version 8.0 of January 8, 2010
Copyright 1990-2010, James R. Larus.
All Rights Reserved.
See the file README for a full copyright notice.
Loaded: /usr/lib/spim/exceptions.s
-45
1234.56787109

Program 9...

SPIM Version 8.0 of January 8, 2010
Copyright 1990-2010, James R. Larus.
All Rights Reserved.
See the file README for a full copyright notice.
Loaded: /usr/lib/spim/exceptions.s
20
-20
20.00000000
-20.00000000
20.00000000

Program 10...

SPIM Version 8.0 of January 8, 2010
Copyright 1990-2010, James R. Larus.
All Rights Reserved.
See the file README for a full copyright notice.
Loaded: /usr/lib/spim/exceptions.s
5
5.00000000

Program 11...

ERROR: ; Can't perform modulo on float, int
@8

Program 12...

3: error [syntax error] in '12.in' on '*

ERROR: ; Unknown variable
@5

Program 13...

SPIM Version 8.0 of January 8, 2010
Copyright 1990-2010, James R. Larus.
All Rights Reserved.
See the file README for a full copyright notice.
Loaded: /usr/lib/spim/exceptions.s
17
-17

Program 14...

SPIM Version 8.0 of January 8, 2010
Copyright 1990-2010, James R. Larus.
All Rights Reserved.
See the file README for a full copyright notice.
Loaded: /usr/lib/spim/exceptions.s
17.00000000
-17.00000000

Program 15...

SPIM Version 8.0 of January 8, 2010
Copyright 1990-2010, James R. Larus.
All Rights Reserved.
See the file README for a full copyright notice.
Loaded: /usr/lib/spim/exceptions.s
spim: (parser) syntax error on line 42 of file 15.s
	  	cfcl $a0, $25
	        ^
The following symbols are undefined:
fl2
fl3
main

Instruction references undefined symbol at 0x00400014
[0x00400014]	0x0c000000  jal 0x00000000 [main]           ; 188: jal main

Program 16...

SPIM Version 8.0 of January 8, 2010
Copyright 1990-2010, James R. Larus.
All Rights Reserved.
See the file README for a full copyright notice.
Loaded: /usr/lib/spim/exceptions.s
spim: (parser) syntax error on line 60 of file 16.s
	  	c.gt.s $f1, $f0
	          ^
The following symbols are undefined:
fl3
main

Instruction references undefined symbol at 0x00400014
[0x00400014]	0x0c000000  jal 0x00000000 [main]           ; 188: jal main

Program 17...

SPIM Version 8.0 of January 8, 2010
Copyright 1990-2010, James R. Larus.
All Rights Reserved.
See the file README for a full copyright notice.
Loaded: /usr/lib/spim/exceptions.s
1
2-PRIME
3-PRIME
4-COMPOSITE
5-PRIME
6-COMPOSITE
7-PRIME
8-COMPOSITE
9-COMPOSITE
10-COMPOSITE
11-PRIME
12-COMPOSITE
13-PRIME
14-COMPOSITE
15-COMPOSITE
16-COMPOSITE
17-PRIME
18-COMPOSITE
19-PRIME
20-COMPOSITE
21-COMPOSITE
22-COMPOSITE
23-PRIME
24-COMPOSITE
25-COMPOSITE
26-COMPOSITE
27-COMPOSITE
28-COMPOSITE
29-PRIME
30-COMPOSITE
31-PRIME
32-COMPOSITE
33-COMPOSITE
34-COMPOSITE
35-COMPOSITE
36-COMPOSITE
37-PRIME
38-COMPOSITE
39-COMPOSITE
40-COMPOSITE
41-PRIME
42-COMPOSITE
43-PRIME
44-COMPOSITE
45-COMPOSITE
46-COMPOSITE
47-PRIME
48-COMPOSITE
49-COMPOSITE
50-COMPOSITE
51-COMPOSITE
52-COMPOSITE
53-PRIME
54-COMPOSITE
55-COMPOSITE
56-COMPOSITE
57-COMPOSITE
58-COMPOSITE
59-PRIME
60-COMPOSITE
61-PRIME
62-COMPOSITE
63-COMPOSITE
64-COMPOSITE
65-COMPOSITE
66-COMPOSITE
67-PRIME
68-COMPOSITE
69-COMPOSITE
70-COMPOSITE
71-PRIME
72-COMPOSITE
73-PRIME
74-COMPOSITE
75-COMPOSITE
76-COMPOSITE
77-COMPOSITE
78-COMPOSITE
79-PRIME
80-COMPOSITE
81-COMPOSITE
82-COMPOSITE
83-PRIME
84-COMPOSITE
85-COMPOSITE
86-COMPOSITE
87-COMPOSITE
88-COMPOSITE
89-PRIME
90-COMPOSITE
91-COMPOSITE
92-COMPOSITE
93-COMPOSITE
94-COMPOSITE
95-COMPOSITE
96-COMPOSITE
97-PRIME
98-COMPOSITE
99-COMPOSITE
100-COMPOSITE

Program 18...

SPIM Version 8.0 of January 8, 2010
Copyright 1990-2010, James R. Larus.
All Rights Reserved.
See the file README for a full copyright notice.
Loaded: /usr/lib/spim/exceptions.s
-3
2
7

Program 19...

SPIM Version 8.0 of January 8, 2010
Copyright 1990-2010, James R. Larus.
All Rights Reserved.
See the file README for a full copyright notice.
Loaded: /usr/lib/spim/exceptions.s
True

Program 20...

SPIM Version 8.0 of January 8, 2010
Copyright 1990-2010, James R. Larus.
All Rights Reserved.
See the file README for a full copyright notice.
Loaded: /usr/lib/spim/exceptions.s
spim: (parser) syntax error on line 40 of file 20.s
	  	cfcl $a0, $25
	        ^
The following symbols are undefined:
main

Instruction references undefined symbol at 0x00400014
[0x00400014]	0x0c000000  jal 0x00000000 [main]           ; 188: jal main

Program 21...

ERROR: Variables can not be defined inside of blocks
@11

Program 22...

SPIM Version 8.0 of January 8, 2010
Copyright 1990-2010, James R. Larus.
All Rights Reserved.
See the file README for a full copyright notice.
Loaded: /usr/lib/spim/exceptions.s
1
2
3
4
5-FIZZ-FIZZ
6
7-BUZZ-BUZZ
8
9
10-FIZZ
11
12
13
14-BUZZ
15-FIZZ-FIZZ
16
17-BUZZ
18
19
20-FIZZ
21-BUZZ
22
23
24
25-FIZZ-FIZZ-FIZZ
26
27-BUZZ
28-BUZZ
29
30-FIZZ
31
32
33
34
35-BUZZ-FIZZ-FIZZ
36
37-BUZZ
38
39
40-FIZZ
41
42-BUZZ
43
44
45-FIZZ-FIZZ
46
47-BUZZ
48
49-BUZZ-BUZZ
50-FIZZ-FIZZ-FIZZ
51-FIZZ
52-FIZZ
53-FIZZ
54-FIZZ
55-FIZZ-FIZZ-FIZZ
56-BUZZ-FIZZ
57-BUZZ-FIZZ
58-FIZZ
59-FIZZ
60-FIZZ
61
62
63-BUZZ
64
65-FIZZ-FIZZ
66
67-BUZZ
68
69
70-BUZZ-BUZZ-FIZZ
71-BUZZ
72-BUZZ
73-BUZZ
74-BUZZ
75-BUZZ-FIZZ-FIZZ-FIZZ
76-BUZZ
77-BUZZ-BUZZ-BUZZ
78-BUZZ
79-BUZZ
80-FIZZ
81
82
83
84-BUZZ
85-FIZZ-FIZZ
86
87-BUZZ
88
89
90-FIZZ
91-BUZZ
92
93
94
95-FIZZ-FIZZ
96
97-BUZZ
98-BUZZ-BUZZ
99
100-FIZZ-FIZZ

Program 23...

SPIM Version 8.0 of January 8, 2010
Copyright 1990-2010, James R. Larus.
All Rights Reserved.
See the file README for a full copyright notice.
Loaded: /usr/lib/spim/exceptions.s
Hi!

Program 24...

3: error [\] in '24.in' on '\

3: error [syntax error] in '24.in' on 'n

3: error [");
] in '24.in' on '");

ERROR: Undefined func commencement
@7

Program 25...

SPIM Version 8.0 of January 8, 2010
Copyright 1990-2010, James R. Larus.
All Rights Reserved.
See the file README for a full copyright notice.
Loaded: /usr/lib/spim/exceptions.s
Batman but no Superman!

Program 26...

4: preparsing error [syntax error] on 'P\F4_\B7P\F4_\B7'
ERROR: Entry point commencement not defined
@2

Program 27...

5: preparsing error [syntax error] on '#Fin'
3: error [syntax error] in '27.in' on '}

ERROR: Undefined func commencement
@6

Program 28...

SPIM Version 8.0 of January 8, 2010
Copyright 1990-2010, James R. Larus.
All Rights Reserved.
See the file README for a full copyright notice.
Loaded: /usr/lib/spim/exceptions.s
In 28

Program 29...

SPIM Version 8.0 of January 8, 2010
Copyright 1990-2010, James R. Larus.
All Rights Reserved.
See the file README for a full copyright notice.
Loaded: /usr/lib/spim/exceptions.s
Neither Superman nor Batman!

Program 30...

ERROR: Mismatch parameter test
@15

Program 31...

SPIM Version 8.0 of January 8, 2010
Copyright 1990-2010, James R. Larus.
All Rights Reserved.
See the file README for a full copyright notice.
Loaded: /usr/lib/spim/exceptions.s
5
6
5

Program 32...

SPIM Version 8.0 of January 8, 2010
Copyright 1990-2010, James R. Larus.
All Rights Reserved.
See the file README for a full copyright notice.
Loaded: /usr/lib/spim/exceptions.s
5
1.00000000
5

Program 33...

ERROR: Unknown function 'test'
@8

Program 34...

ERROR: Undefined func test
@14

Program 35...

ERROR: Entry point commencement not defined
@11

Program 36...

SPIM Version 8.0 of January 8, 2010
Copyright 1990-2010, James R. Larus.
All Rights Reserved.
See the file README for a full copyright notice.
Loaded: /usr/lib/spim/exceptions.s
The following symbols are undefined:
main

Instruction references undefined symbol at 0x00400014
[0x00400014]	0x0c000000  jal 0x00000000 [main]           ; 188: jal main

Program 37...

SPIM Version 8.0 of January 8, 2010
Copyright 1990-2010, James R. Larus.
All Rights Reserved.
See the file README for a full copyright notice.
Loaded: /usr/lib/spim/exceptions.s
0	0
1	1
2	2
3	4
4	8
5	16
6	32
7	64
8	128
9	256
10	512

Program 38...

SPIM Version 8.0 of January 8, 2010
Copyright 1990-2010, James R. Larus.
All Rights Reserved.
See the file README for a full copyright notice.
Loaded: /usr/lib/spim/exceptions.s
0	0.00000000
1	1.00000000
2	2.00000000
3	4.00000000
4	8.00000000
5	16.00000000
6	32.00000000
7	64.00000000
8	128.00000000
9	256.00000000
10	512.00000000

Methods aren't working yet.

10/50.

